[       5ms] [WARNING] jQuery.Deferred exception: Cannot set properties of undefined (setting '_DT_CellIndex') TypeError: Cannot set properties of undefined (setting '_DT_CellIndex')
    at St (https://cdn.datatables.net/1.13.7/js/jquery.dataTables.min.js:4:20407)
    at x (https://cdn.datatables.net/1.13.7/js/jquery.dataTables.min.js:4:17777)
    at HTMLTableRowElement.<anonymous> (https://cdn.datatables.net/1.13.7/js/jquery.dataTables.min.js:4:17881)
    at https://code.jquery.com/jquery-3.7.1.min.js:2:1681
    at ce.map (https://code.jquery.com/jquery-3.7.1.min.js:2:3971)
    at ce.fn.init.map (https://code.jquery.com/jquery-3.7.1.min.js:2:1649)
    at ut (https://cdn.datatables.net/1.13.7/js/jquery.dataTables.min.js:4:17846)
    at t (https://cdn.datatables.net/1.13.7/js/jquery.dataTables.min.js:4:8513)
    at HTMLTableElement.<anonymous> (https://cdn.datatables.net/1.13.7/js/jquery.dataTables.min.js:4:8696)
    at ce.each (https://code.jquery.com/jquery-3.7.1.min.js:2:3129) undefined @ https://code.jquery.com/jquery-3.7.1.min.js:1
[      12ms] Uncaught TypeError: Cannot set properties of undefined (setting '_DT_CellIndex')
    at St (https://cdn.datatables.net/1.13.7/js/jquery.dataTables.min.js:3:20406)
    at x (https://cdn.datatables.net/1.13.7/js/jquery.dataTables.min.js:3:17776)
    at <anonymous> (https://cdn.datatables.net/1.13.7/js/jquery.dataTables.min.js:3:17880)
    at <anonymous> (https://code.jquery.com/jquery-3.7.1.min.js:1:1680)
    at map (https://code.jquery.com/jquery-3.7.1.min.js:1:3970)
    at map (https://code.jquery.com/jquery-3.7.1.min.js:1:1648)
    at ut (https://cdn.datatables.net/1.13.7/js/jquery.dataTables.min.js:3:17845)
    at t (https://cdn.datatables.net/1.13.7/js/jquery.dataTables.min.js:3:8512)
    at <anonymous> (https://cdn.datatables.net/1.13.7/js/jquery.dataTables.min.js:3:8695)
    at each (https://code.jquery.com/jquery-3.7.1.min.js:1:3128)
    at each (https://code.jquery.com/jquery-3.7.1.min.js:1:1593)
    at w (https://cdn.datatables.net/1.13.7/js/jquery.dataTables.min.js:3:3586)
    at P.fn.DataTable (https://cdn.datatables.net/1.13.7/js/jquery.dataTables.min.js:3:87064)
    at <anonymous> (http://localhost:8000/voyage-tasks/3:218:32)
    at e (https://code.jquery.com/jquery-3.7.1.min.js:1:27027)
    at t (https://code.jquery.com/jquery-3.7.1.min.js:1:27329)
[   36427ms] [WARNING] jQuery.Deferred exception: Cannot set properties of undefined (setting '_DT_CellIndex') TypeError: Cannot set properties of undefined (setting '_DT_CellIndex')
    at St (https://cdn.datatables.net/1.13.7/js/jquery.dataTables.min.js:4:20407)
    at x (https://cdn.datatables.net/1.13.7/js/jquery.dataTables.min.js:4:17777)
    at HTMLTableRowElement.<anonymous> (https://cdn.datatables.net/1.13.7/js/jquery.dataTables.min.js:4:17881)
    at https://code.jquery.com/jquery-3.7.1.min.js:2:1681
    at ce.map (https://code.jquery.com/jquery-3.7.1.min.js:2:3971)
    at ce.fn.init.map (https://code.jquery.com/jquery-3.7.1.min.js:2:1649)
    at ut (https://cdn.datatables.net/1.13.7/js/jquery.dataTables.min.js:4:17846)
    at t (https://cdn.datatables.net/1.13.7/js/jquery.dataTables.min.js:4:8513)
    at HTMLTableElement.<anonymous> (https://cdn.datatables.net/1.13.7/js/jquery.dataTables.min.js:4:8696)
    at ce.each (https://code.jquery.com/jquery-3.7.1.min.js:2:3129) undefined @ https://code.jquery.com/jquery-3.7.1.min.js:1
[   36434ms] Uncaught TypeError: Cannot set properties of undefined (setting '_DT_CellIndex')
    at St (https://cdn.datatables.net/1.13.7/js/jquery.dataTables.min.js:3:20406)
    at x (https://cdn.datatables.net/1.13.7/js/jquery.dataTables.min.js:3:17776)
    at <anonymous> (https://cdn.datatables.net/1.13.7/js/jquery.dataTables.min.js:3:17880)
    at <anonymous> (https://code.jquery.com/jquery-3.7.1.min.js:1:1680)
    at map (https://code.jquery.com/jquery-3.7.1.min.js:1:3970)
    at map (https://code.jquery.com/jquery-3.7.1.min.js:1:1648)
    at ut (https://cdn.datatables.net/1.13.7/js/jquery.dataTables.min.js:3:17845)
    at t (https://cdn.datatables.net/1.13.7/js/jquery.dataTables.min.js:3:8512)
    at <anonymous> (https://cdn.datatables.net/1.13.7/js/jquery.dataTables.min.js:3:8695)
    at each (https://code.jquery.com/jquery-3.7.1.min.js:1:3128)
    at each (https://code.jquery.com/jquery-3.7.1.min.js:1:1593)
    at w (https://cdn.datatables.net/1.13.7/js/jquery.dataTables.min.js:3:3586)
    at P.fn.DataTable (https://cdn.datatables.net/1.13.7/js/jquery.dataTables.min.js:3:87064)
    at <anonymous> (http://localhost:8000/voyage-tasks/3:218:32)
    at e (https://code.jquery.com/jquery-3.7.1.min.js:1:27027)
    at t (https://code.jquery.com/jquery-3.7.1.min.js:1:27329)
